<?xml version="1.0" encoding="UTF-8"?>
<!-- Generated by org.testng.reporters.JUnitXMLReporter -->
<testsuite ignored="0" hostname="swaroop-HP-Notebook" failures="0" tests="3" name="User Registration Test" time="0.034" errors="0" timestamp="03 May 2023 10:24:32 GMT">
  <testcase classname="testcases.UserRegTest" name="registerUser" time="0.005"/>
  <testcase classname="testcases.UserRegTest" name="registerUser" time="0.006"/>
  <testcase classname="testcases.UserRegTest" name="registerUser" time="0.004"/>
</testsuite> <!-- User Registration Test -->
