<?xml version="1.0" encoding="UTF-8"?>
<!-- Generated by org.testng.reporters.JUnitXMLReporter -->
<testsuite ignored="0" hostname="swaroop-HP-Notebook" failures="0" tests="3" name="Add Customer Test" time="2.214" errors="0" timestamp="04 May 2023 11:24:40 GMT">
  <testcase classname="testcases.AddCustomerTest" name="addCustomer" time="0.93"/>
  <testcase classname="testcases.AddCustomerTest" name="addCustomer" time="0.696"/>
  <testcase classname="testcases.AddCustomerTest" name="addCustomer" time="0.553"/>
</testsuite> <!-- Add Customer Test -->
