<?xml version="1.0" encoding="UTF-8"?>
<!-- Generated by org.testng.reporters.JUnitXMLReporter -->
<testsuite ignored="0" hostname="swaroop-HP-Notebook" failures="0" tests="3" name="User Registration Test" time="0.015" errors="0" timestamp="03 May 2023 10:27:33 GMT">
  <testcase classname="testcases.UserRegTest" name="registerUser" time="0.003"/>
  <testcase classname="testcases.UserRegTest" name="registerUser" time="0.001"/>
  <testcase classname="testcases.UserRegTest" name="registerUser" time="0.001"/>
</testsuite> <!-- User Registration Test -->
